<?xml version="1.0" encoding="UTF-8"?>
<!-- Generated by org.testng.reporters.JUnitReportReporter -->
<testsuite hostname="bethel" failures="0" tests="2" name="mavendemoproject.LoginTest" time="0.017" errors="0" timestamp="2024-05-16T09:43:10 EDT" skipped="0">
  <testcase classname="mavendemoproject.LoginTest" name="testlogin2" time="0.002"/>
  <testcase classname="mavendemoproject.LoginTest" name="testlogin1" time="0.015"/>
</testsuite> <!-- mavendemoproject.LoginTest -->
